#
# A fatal error has been detected by the Java Runtime Environment:
#
#  SIGSEGV (0xb) at pc=0x00007f918c24e21a, pid=3039, tid=0x00007f91894db700
#
# JRE version: OpenJDK Runtime Environment (8.0_111-b14) (build 1.8.0_111-8u111-b14-2ubuntu0.16.04.2-b14)
# Java VM: OpenJDK 64-Bit Server VM (25.111-b14 mixed mode linux-amd64 compressed oops)
# Problematic frame:
# V  [libjvm.so+0x91121a]
#
# Failed to write core dump. Core dumps have been disabled. To enable core dumping, try "ulimit -c unlimited" before starting Java again
#
# If you would like to submit a bug report, please visit:
#   http://bugreport.java.com/bugreport/crash.jsp
#

---------------  T H R E A D  ---------------

Current thread (0x00007f9184025000):  GCTaskThread [stack: 0x00007f91893db000,0x00007f91894dc000] [id=3043]

siginfo: si_signo: 11 (SIGSEGV), si_code: 128 (SI_KERNEL), si_addr: 0x0000000000000000

Registers:
RAX=0x00007f9171250000, RBX=0x0000000000080000, RCX=0x0000000000000013, RDX=0x007fffffffcdb00d
RSP=0x00007f91894dabf0, RBP=0x00007f91894dace0, RSI=0x000000000000000c, RDI=0x00007f918c85a1e0
R8 =0x00007f918c85a220, R9 =0x00000000000000cc, R10=0x0000000000000001, R11=0x0000000000000004
R12=0x00007f91840783a0, R13=0x0000000000000001, R14=0x0000000089da2d98, R15=0x0000000020001a98
RIP=0x00007f918c24e21a, EFLAGS=0x0000000000010206, CSGSFS=0x0000000000000033, ERR=0x0000000000000000
  TRAPNO=0x000000000000000d

Top of Stack: (sp=0x00007f91894dabf0)
0x00007f91894dabf0:   00007f918402ab80 0000000000000001
0x00007f91894dac00:   00007f9184078430 000000000002f800
0x00007f91894dac10:   0000000000100000 00007f91840783b0
0x00007f91894dac20:   0000000000000004 00007f918c850909
0x00007f91894dac30:   0000000089ce5500 0000000089da3510
0x00007f91894dac40:   0000000000000fa0 000000008c177d30
0x00007f91894dac50:   0000000089ce5500 00007f910002f600
0x00007f91894dac60:   000002400000000b 000000000002f600
0x00007f91894dac70:   000002410000000b 00000000e3688508
0x00007f91894dac80:   00007f91894dace0 00007f918c233600
0x00007f91894dac90:   000007980000001d 00007f9100000e00
0x00007f91894daca0:   000007980000001e 94649b933371a200
0x00007f91894dacb0:   00007f91894dad20 0000000089ceb510
0x00007f91894dacc0:   0000000000000000 00007f91894dad64
0x00007f91894dacd0:   0000000000000001 00007f91894dad68
0x00007f91894dace0:   00007f91894dae00 00007f918c233001
0x00007f91894dacf0:   00007f918402ab80 00007f918c41af48
0x00007f91894dad00:   00007f91894dad68 00007f91894dad64
0x00007f91894dad10:   00000001894dae00 00007f91894dad90
0x00007f91894dad20:   0000000000000004 0000000000100000
0x00007f91894dad30:   0000000000001800 00007f918c850909
0x00007f91894dad40:   00007f91894dad70 0000000089ce5500
0x00007f91894dad50:   00007f913ca197d0 00007f91840783a0
0x00007f91894dad60:   481d981c894dad30 0000000000000000
0x00007f91894dad70:   0000000089ce5500 00007f9100001600
0x00007f91894dad80:   0000000089ce5500 00007f9100001800
0x00007f91894dad90:   00007f9184022aa0 00007f9184025000
0x00007f91894dada0:   00007f91894dadd0 00007f9184022970
0x00007f91894dadb0:   00007f9184022aa0 00007f918c1b132b
0x00007f91894dadc0:   00007f9184022970 94649b933371a200
0x00007f91894dadd0:   00007f91894dae00 0000000000000001
0x00007f91894dade0:   00007f913ca197d0 00007f918c41af5d 

Instructions: (pc=0x00007f918c24e21a)
0x00007f918c24e1fa:   48 89 c8 8b 0a 48 c1 e8 03 48 d3 e8 48 89 c1 48
0x00007f918c24e20a:   89 c2 49 8b 40 30 83 e1 3f 48 c1 ea 06 48 d3 e3
0x00007f918c24e21a:   48 23 1c d0 75 98 48 8b 85 48 ff ff ff 0f b6 00
0x00007f918c24e22a:   84 c0 0f 85 3f 03 00 00 49 8b 7f 08 8b 4f 08 83 

Register to memory mapping:

RAX=0x00007f9171250000 is an unknown value
RBX=0x0000000000080000 is an unknown value
RCX=0x0000000000000013 is an unknown value
RDX=0x007fffffffcdb00d is an unknown value
RSP=0x00007f91894dabf0 is an unknown value
RBP=0x00007f91894dace0 is an unknown value
RSI=0x000000000000000c is an unknown value
RDI=0x00007f918c85a1e0: <offset 0xf1d1e0> in /usr/lib/jvm/java-8-openjdk-amd64/jre/lib/amd64/server/libjvm.so at 0x00007f918b93d000
R8 =0x00007f918c85a220: <offset 0xf1d220> in /usr/lib/jvm/java-8-openjdk-amd64/jre/lib/amd64/server/libjvm.so at 0x00007f918b93d000
R9 =0x00000000000000cc is an unknown value
R10=0x0000000000000001 is an unknown value
R11=0x0000000000000004 is an unknown value
R12=0x00007f91840783a0 is an unknown value
R13=0x0000000000000001 is an unknown value
R14=0x0000000089da2d98 is pointing into object: 0x0000000089ce5500
[Ljava.util.HashMap$Node; 
 - klass: 'java/util/HashMap$Node'[]
 - length: 1048576
R15=0x0000000020001a98 is an unknown value


Stack: [0x00007f91893db000,0x00007f91894dc000],  sp=0x00007f91894dabf0,  free space=1022k
Native frames: (J=compiled Java code, j=interpreted, Vv=VM code, C=native code)
V  [libjvm.so+0x91121a]
V  [libjvm.so+0x8f6001]
V  [libjvm.so+0x5a4352]
V  [libjvm.so+0x8b1082]


---------------  P R O C E S S  ---------------

Java Threads: ( => current thread )
  0x00007f912c8bf000 JavaThread "File Watcher" daemon [_thread_blocked, id=3074, stack(0x00007f9150ed6000,0x00007f9150fd7000)]
  0x00007f912c249000 JavaThread "container-0" [_thread_blocked, id=3068, stack(0x00007f9151803000,0x00007f9151904000)]
  0x00007f912c248000 JavaThread "ContainerBackgroundProcessor[StandardEngine[Tomcat]]" daemon [_thread_blocked, id=3067, stack(0x00007f9151904000,0x00007f9151a05000)]
  0x00007f9130644800 JavaThread "localhost-startStop-1" daemon [_thread_blocked, id=3064, stack(0x00007f91528c0000,0x00007f91529c1000)]
  0x00007f912c702000 JavaThread "Tomcat-startStop-1" daemon [_thread_blocked, id=3063, stack(0x00007f9152dc6000,0x00007f9152ec7000)]
  0x00007f9138002000 JavaThread "restartedMain" [_thread_blocked, id=3060, stack(0x00007f91535ea000,0x00007f91536eb000)]
  0x00007f9184703800 JavaThread "Thread-0" [_thread_blocked, id=3059, stack(0x00007f91536eb000,0x00007f91537ec000)]
  0x00007f91840c5800 JavaThread "Service Thread" daemon [_thread_blocked, id=3057, stack(0x00007f9153afb000,0x00007f9153bfc000)]
  0x00007f91840b6000 JavaThread "C1 CompilerThread2" daemon [_thread_blocked, id=3056, stack(0x00007f9153bfc000,0x00007f9153cfd000)]
  0x00007f91840b4000 JavaThread "C2 CompilerThread1" daemon [_thread_blocked, id=3055, stack(0x00007f9153cfd000,0x00007f9153dfe000)]
  0x00007f91840b1800 JavaThread "C2 CompilerThread0" daemon [_thread_in_native, id=3054, stack(0x00007f9153dfe000,0x00007f9153eff000)]
  0x00007f91840af000 JavaThread "Signal Dispatcher" daemon [_thread_blocked, id=3053, stack(0x00007f9153eff000,0x00007f9154000000)]
  0x00007f9184087800 JavaThread "Finalizer" daemon [_thread_blocked, id=3052, stack(0x00007f9170320000,0x00007f9170421000)]
  0x00007f9184083000 JavaThread "Reference Handler" daemon [_thread_blocked, id=3051, stack(0x00007f9170421000,0x00007f9170522000)]
  0x00007f918400e000 JavaThread "main" [_thread_blocked, id=3041, stack(0x00007f918d582000,0x00007f918d683000)]

Other Threads:
  0x00007f918407b800 VMThread [stack: 0x00007f9170522000,0x00007f9170623000] [id=3049]
  0x00007f91840c8000 WatcherThread [stack: 0x00007f91539fa000,0x00007f9153afb000] [id=3058]

=>0x00007f9184025000 (exited) GCTaskThread [stack: 0x00007f91893db000,0x00007f91894dc000] [id=3043]

VM state:at safepoint (normal execution)

VM Mutex/Monitor currently owned by a thread:  ([mutex/lock_event])
[0x00007f918400a4a0] Threads_lock - owner thread: 0x00007f918407b800
[0x00007f918400a9a0] Heap_lock - owner thread: 0x00007f9138002000

Heap:
 PSYoungGen      total 198144K, used 6677K [0x00000000d6e00000, 0x00000000e6580000, 0x0000000100000000)
  eden space 148992K, 0% used [0x00000000d6e00000,0x00000000d6e00000,0x00000000dff80000)
  from space 49152K, 13% used [0x00000000e3580000,0x00000000e3c05760,0x00000000e6580000)
  to   space 52224K, 0% used [0x00000000dff80000,0x00000000dff80000,0x00000000e3280000)
 ParOldGen       total 175104K, used 144261K [0x0000000084a00000, 0x000000008f500000, 0x00000000d6e00000)
  object space 175104K, 82% used [0x0000000084a00000,0x000000008d6e1770,0x000000008f500000)
 Metaspace       used 33613K, capacity 34170K, committed 34432K, reserved 1079296K
  class space    used 4042K, capacity 4202K, committed 4224K, reserved 1048576K

Card table byte_map: [0x00007f918986f000,0x00007f9189c4b000] byte_map_base: 0x00007f918944a000

Marking Bits: (ParMarkBitMap*) 0x00007f918c85a220
 Begin Bits: [0x00007f9171250000, 0x00007f9173128000)
 End Bits:   [0x00007f9173128000, 0x00007f9175000000)

Polling page: 0x00007f918d6ac000

CodeCache: size=245760Kb used=12260Kb max_used=12260Kb free=233499Kb
 bounds [0x00007f9175000000, 0x00007f9175c10000, 0x00007f9184000000]
 total_blobs=3729 nmethods=3327 adapters=315
 compilation: enabled

Compilation events (10 events):
Event: 15.754 Thread 0x00007f91840b6000 3802       2       sun.reflect.UnsafeFieldAccessorImpl::ensureObj (23 bytes)
Event: 15.755 Thread 0x00007f91840b6000 nmethod 3802 0x00007f9175c01b50 code [0x00007f9175c01d00, 0x00007f9175c01ff8]
Event: 15.762 Thread 0x00007f91840b6000 3803       2       java.util.regex.Pattern::RemoveQEQuoting (346 bytes)
Event: 15.764 Thread 0x00007f91840b6000 nmethod 3803 0x00007f9175c02510 code [0x00007f9175c026e0, 0x00007f9175c03038]
Event: 15.764 Thread 0x00007f91840b6000 3805  s    2       java.beans.MethodDescriptor::getMethod (93 bytes)
Event: 15.765 Thread 0x00007f91840b6000 nmethod 3805 0x00007f9175c03790 code [0x00007f9175c03960, 0x00007f9175c03e98]
Event: 15.765 Thread 0x00007f91840b6000 3804  s    2       java.lang.StringBuffer::append (15 bytes)
Event: 15.765 Thread 0x00007f91840b6000 nmethod 3804 0x00007f9175c04190 code [0x00007f9175c04300, 0x00007f9175c04608]
Event: 15.782 Thread 0x00007f91840b6000 3806       2       java.lang.String::<init> (10 bytes)
Event: 15.782 Thread 0x00007f91840b6000 nmethod 3806 0x00007f9175c046d0 code [0x00007f9175c04840, 0x00007f9175c049c8]

GC Heap History (10 events):
Event: 11.931 GC heap after
Heap after GC invocations=10 (full 1):
 PSYoungGen      total 132096K, used 9205K [0x00000000d6e00000, 0x00000000e1200000, 0x0000000100000000)
  eden space 122880K, 0% used [0x00000000d6e00000,0x00000000d6e00000,0x00000000de600000)
  from space 9216K, 99% used [0x00000000de600000,0x00000000deefd710,0x00000000def00000)
  to   space 14336K, 0% used [0x00000000e0400000,0x00000000e0400000,0x00000000e1200000)
 ParOldGen       total 59392K, used 21394K [0x0000000084a00000, 0x0000000088400000, 0x00000000d6e00000)
  object space 59392K, 36% used [0x0000000084a00000,0x0000000085ee4ac8,0x0000000088400000)
 Metaspace       used 30959K, capacity 31356K, committed 31616K, reserved 1077248K
  class space    used 3724K, capacity 3865K, committed 3968K, reserved 1048576K
}
Event: 12.489 GC heap before
{Heap before GC invocations=11 (full 1):
 PSYoungGen      total 132096K, used 132085K [0x00000000d6e00000, 0x00000000e1200000, 0x0000000100000000)
  eden space 122880K, 100% used [0x00000000d6e00000,0x00000000de600000,0x00000000de600000)
  from space 9216K, 99% used [0x00000000de600000,0x00000000deefd710,0x00000000def00000)
  to   space 14336K, 0% used [0x00000000e0400000,0x00000000e0400000,0x00000000e1200000)
 ParOldGen       total 59392K, used 21394K [0x0000000084a00000, 0x0000000088400000, 0x00000000d6e00000)
  object space 59392K, 36% used [0x0000000084a00000,0x0000000085ee4ac8,0x0000000088400000)
 Metaspace       used 31155K, capacity 31616K, committed 31872K, reserved 1077248K
  class space    used 3749K, capacity 3887K, committed 3968K, reserved 1048576K
Event: 12.696 GC heap after
Heap after GC invocations=11 (full 1):
 PSYoungGen      total 129536K, used 14321K [0x00000000d6e00000, 0x00000000e6f00000, 0x0000000100000000)
  eden space 115200K, 0% used [0x00000000d6e00000,0x00000000d6e00000,0x00000000dde80000)
  from space 14336K, 99% used [0x00000000e0400000,0x00000000e11fc6f0,0x00000000e1200000)
  to   space 38400K, 0% used [0x00000000dde80000,0x00000000dde80000,0x00000000e0400000)
 ParOldGen       total 82944K, used 82283K [0x0000000084a00000, 0x0000000089b00000, 0x00000000d6e00000)
  object space 82944K, 99% used [0x0000000084a00000,0x0000000089a5ad40,0x0000000089b00000)
 Metaspace       used 31155K, capacity 31616K, committed 31872K, reserved 1077248K
  class space    used 3749K, capacity 3887K, committed 3968K, reserved 1048576K
}
Event: 12.696 GC heap before
{Heap before GC invocations=12 (full 2):
 PSYoungGen      total 129536K, used 14321K [0x00000000d6e00000, 0x00000000e6f00000, 0x0000000100000000)
  eden space 115200K, 0% used [0x00000000d6e00000,0x00000000d6e00000,0x00000000dde80000)
  from space 14336K, 99% used [0x00000000e0400000,0x00000000e11fc6f0,0x00000000e1200000)
  to   space 38400K, 0% used [0x00000000dde80000,0x00000000dde80000,0x00000000e0400000)
 ParOldGen       total 82944K, used 82283K [0x0000000084a00000, 0x0000000089b00000, 0x00000000d6e00000)
  object space 82944K, 99% used [0x0000000084a00000,0x0000000089a5ad40,0x0000000089b00000)
 Metaspace       used 31155K, capacity 31616K, committed 31872K, reserved 1077248K
  class space    used 3749K, capacity 3887K, committed 3968K, reserved 1048576K
Event: 13.586 GC heap after
Heap after GC invocations=12 (full 2):
 PSYoungGen      total 129536K, used 7656K [0x00000000d6e00000, 0x00000000e6f00000, 0x0000000100000000)
  eden space 115200K, 0% used [0x00000000d6e00000,0x00000000d6e00000,0x00000000dde80000)
  from space 14336K, 53% used [0x00000000e0400000,0x00000000e0b7a258,0x00000000e1200000)
  to   space 38400K, 0% used [0x00000000dde80000,0x00000000dde80000,0x00000000e0400000)
 ParOldGen       total 175104K, used 82349K [0x0000000084a00000, 0x000000008f500000, 0x00000000d6e00000)
  object space 175104K, 47% used [0x0000000084a00000,0x0000000089a6b4f0,0x000000008f500000)
 Metaspace       used 31155K, capacity 31616K, committed 31872K, reserved 1077248K
  class space    used 3749K, capacity 3887K, committed 3968K, reserved 1048576K
}
Event: 14.122 GC heap before
{Heap before GC invocations=13 (full 2):
 PSYoungGen      total 129536K, used 122856K [0x00000000d6e00000, 0x00000000e6f00000, 0x0000000100000000)
  eden space 115200K, 100% used [0x00000000d6e00000,0x00000000dde80000,0x00000000dde80000)
  from space 14336K, 53% used [0x00000000e0400000,0x00000000e0b7a258,0x00000000e1200000)
  to   space 38400K, 0% used [0x00000000dde80000,0x00000000dde80000,0x00000000e0400000)
 ParOldGen       total 175104K, used 82349K [0x0000000084a00000, 0x000000008f500000, 0x00000000d6e00000)
  object space 175104K, 47% used [0x0000000084a00000,0x0000000089a6b4f0,0x000000008f500000)
 Metaspace       used 31411K, capacity 31870K, committed 32128K, reserved 1077248K
  class space    used 3777K, capacity 3924K, committed 3968K, reserved 1048576K
Event: 14.232 GC heap after
Heap after GC invocations=13 (full 2):
 PSYoungGen      total 153600K, used 38382K [0x00000000d6e00000, 0x00000000e6a00000, 0x0000000100000000)
  eden space 115200K, 0% used [0x00000000d6e00000,0x00000000d6e00000,0x00000000dde80000)
  from space 38400K, 99% used [0x00000000dde80000,0x00000000e03fba38,0x00000000e0400000)
  to   space 53760K, 0% used [0x00000000e3580000,0x00000000e3580000,0x00000000e6a00000)
 ParOldGen       total 175104K, used 105786K [0x0000000084a00000, 0x000000008f500000, 0x00000000d6e00000)
  object space 175104K, 60% used [0x0000000084a00000,0x000000008b14e990,0x000000008f500000)
 Metaspace       used 31411K, capacity 31870K, committed 32128K, reserved 1077248K
  class space    used 3777K, capacity 3924K, committed 3968K, reserved 1048576K
}
Event: 15.787 GC heap before
{Heap before GC invocations=14 (full 2):
 PSYoungGen      total 153600K, used 153582K [0x00000000d6e00000, 0x00000000e6a00000, 0x0000000100000000)
  eden space 115200K, 100% used [0x00000000d6e00000,0x00000000dde80000,0x00000000dde80000)
  from space 38400K, 99% used [0x00000000dde80000,0x00000000e03fba38,0x00000000e0400000)
  to   space 53760K, 0% used [0x00000000e3580000,0x00000000e3580000,0x00000000e6a00000)
 ParOldGen       total 175104K, used 105786K [0x0000000084a00000, 0x000000008f500000, 0x00000000d6e00000)
  object space 175104K, 60% used [0x0000000084a00000,0x000000008b14e990,0x000000008f500000)
 Metaspace       used 33613K, capacity 34170K, committed 34432K, reserved 1079296K
  class space    used 4042K, capacity 4202K, committed 4224K, reserved 1048576K
Event: 15.869 GC heap after
Heap after GC invocations=14 (full 2):
 PSYoungGen      total 198144K, used 6677K [0x00000000d6e00000, 0x00000000e6580000, 0x0000000100000000)
  eden space 148992K, 0% used [0x00000000d6e00000,0x00000000d6e00000,0x00000000dff80000)
  from space 49152K, 13% used [0x00000000e3580000,0x00000000e3c05760,0x00000000e6580000)
  to   space 52224K, 0% used [0x00000000dff80000,0x00000000dff80000,0x00000000e3280000)
 ParOldGen       total 175104K, used 144261K [0x0000000084a00000, 0x000000008f500000, 0x00000000d6e00000)
  object space 175104K, 82% used [0x0000000084a00000,0x000000008d6e1770,0x000000008f500000)
 Metaspace       used 33613K, capacity 34170K, committed 34432K, reserved 1079296K
  class space    used 4042K, capacity 4202K, committed 4224K, reserved 1048576K
}
Event: 15.869 GC heap before
{Heap before GC invocations=15 (full 3):
 PSYoungGen      total 198144K, used 6677K [0x00000000d6e00000, 0x00000000e6580000, 0x0000000100000000)
  eden space 148992K, 0% used [0x00000000d6e00000,0x00000000d6e00000,0x00000000dff80000)
  from space 49152K, 13% used [0x00000000e3580000,0x00000000e3c05760,0x00000000e6580000)
  to   space 52224K, 0% used [0x00000000dff80000,0x00000000dff80000,0x00000000e3280000)
 ParOldGen       total 175104K, used 144261K [0x0000000084a00000, 0x000000008f500000, 0x00000000d6e00000)
  object space 175104K, 82% used [0x0000000084a00000,0x000000008d6e1770,0x000000008f500000)
 Metaspace       used 33613K, capacity 34170K, committed 34432K, reserved 1079296K
  class space    used 4042K, capacity 4202K, committed 4224K, reserved 1048576K

Deoptimization events (10 events):
Event: 14.010 Thread 0x00007f9138002000 Uncommon trap: reason=null_check action=make_not_entrant pc=0x00007f9175226e9c method=org.springframework.util.ClassUtils.isAssignable(Ljava/lang/Class;Ljava/lang/Class;)Z @ 14
Event: 14.271 Thread 0x00007f9138002000 Uncommon trap: reason=class_check action=maybe_recompile pc=0x00007f91752aa260 method=java.lang.reflect.Array.newInstance(Ljava/lang/Class;I)Ljava/lang/Object; @ 2
Event: 14.271 Thread 0x00007f9138002000 Uncommon trap: reason=class_check action=maybe_recompile pc=0x00007f91752aa260 method=java.lang.reflect.Array.newInstance(Ljava/lang/Class;I)Ljava/lang/Object; @ 2
Event: 14.271 Thread 0x00007f9138002000 Uncommon trap: reason=class_check action=maybe_recompile pc=0x00007f91752aa260 method=java.lang.reflect.Array.newInstance(Ljava/lang/Class;I)Ljava/lang/Object; @ 2
Event: 14.838 Thread 0x00007f9138002000 Uncommon trap: reason=class_check action=maybe_recompile pc=0x00007f9175b06064 method=com.sun.beans.TypeResolver.resolve(Ljava/lang/reflect/Type;Ljava/lang/reflect/Type;)Ljava/lang/reflect/Type; @ 215
Event: 14.839 Thread 0x00007f9138002000 Uncommon trap: reason=class_check action=maybe_recompile pc=0x00007f9175b0609c method=com.sun.beans.TypeResolver.resolve(Ljava/lang/reflect/Type;Ljava/lang/reflect/Type;)Ljava/lang/reflect/Type; @ 215
Event: 14.839 Thread 0x00007f9138002000 Uncommon trap: reason=class_check action=maybe_recompile pc=0x00007f9175b0609c method=com.sun.beans.TypeResolver.resolve(Ljava/lang/reflect/Type;Ljava/lang/reflect/Type;)Ljava/lang/reflect/Type; @ 215
Event: 14.840 Thread 0x00007f9138002000 Uncommon trap: reason=class_check action=maybe_recompile pc=0x00007f9175b06064 method=com.sun.beans.TypeResolver.resolve(Ljava/lang/reflect/Type;Ljava/lang/reflect/Type;)Ljava/lang/reflect/Type; @ 215
Event: 14.925 Thread 0x00007f9138002000 Uncommon trap: reason=unstable_if action=reinterpret pc=0x00007f9175910758 method=org.springframework.beans.factory.support.AbstractBeanFactory.isTypeMatch(Ljava/lang/String;Lorg/springframework/core/ResolvableType;)Z @ 478
Event: 15.734 Thread 0x00007f9138002000 Uncommon trap: reason=unstable_if action=reinterpret pc=0x00007f917514b658 method=java.util.IdentityHashMap.nextKeyIndex(II)I @ 4

Internal exceptions (10 events):
Event: 15.772 Thread 0x00007f9138002000 Exception <a 'java/lang/ClassNotFoundException': org/springframework/boot/devtools/autoconfigure/DevToolsPropertiesCustomizer> (0x00000000ddcff968) thrown at [/build/openjdk-8-8jAw7G/openjdk-8-8u111-b14/src/hotspot/src/share/vm/classfile/systemDictionary.
Event: 15.777 Thread 0x00007f9138002000 Exception <a 'java/lang/ClassNotFoundException': java/lang/ObjectCustomizer> (0x00000000ddd643d8) thrown at [/build/openjdk-8-8jAw7G/openjdk-8-8u111-b14/src/hotspot/src/share/vm/classfile/systemDictionary.cpp, line 210]
Event: 15.778 Thread 0x00007f9138002000 Exception <a 'java/lang/ClassNotFoundException': org/springframework/boot/devtools/classpath/ClassPathFileSystemWatcherCustomizer> (0x00000000ddd81c90) thrown at [/build/openjdk-8-8jAw7G/openjdk-8-8u111-b14/src/hotspot/src/share/vm/classfile/systemDiction
Event: 15.778 Thread 0x00007f9138002000 Exception <a 'java/lang/ClassNotFoundException': org/springframework/beans/factory/InitializingBeanCustomizer> (0x00000000ddd9d3e8) thrown at [/build/openjdk-8-8jAw7G/openjdk-8-8u111-b14/src/hotspot/src/share/vm/classfile/systemDictionary.cpp, line 210]
Event: 15.779 Thread 0x00007f9138002000 Exception <a 'java/lang/ClassNotFoundException': org/springframework/beans/factory/DisposableBeanCustomizer> (0x00000000dddb2570) thrown at [/build/openjdk-8-8jAw7G/openjdk-8-8u111-b14/src/hotspot/src/share/vm/classfile/systemDictionary.cpp, line 210]
Event: 15.779 Thread 0x00007f9138002000 Exception <a 'java/lang/ClassNotFoundException': org/springframework/context/ApplicationContextAwareCustomizer> (0x00000000dddc88f8) thrown at [/build/openjdk-8-8jAw7G/openjdk-8-8u111-b14/src/hotspot/src/share/vm/classfile/systemDictionary.cpp, line 210]
Event: 15.785 Thread 0x00007f9138002000 Exception <a 'java/lang/ClassNotFoundException': java/lang/ObjectCustomizer> (0x00000000dde345b0) thrown at [/build/openjdk-8-8jAw7G/openjdk-8-8u111-b14/src/hotspot/src/share/vm/classfile/systemDictionary.cpp, line 210]
Event: 15.785 Thread 0x00007f9138002000 Exception <a 'java/lang/ClassNotFoundException': org/springframework/boot/devtools/classpath/PatternClassPathRestartStrategyCustomizer> (0x00000000dde53268) thrown at [/build/openjdk-8-8jAw7G/openjdk-8-8u111-b14/src/hotspot/src/share/vm/classfile/systemDi
Event: 15.785 Thread 0x00007f9138002000 Exception <a 'java/lang/ClassNotFoundException': org/springframework/boot/devtools/classpath/ClassPathRestartStrategyCustomizer> (0x00000000dde6ee30) thrown at [/build/openjdk-8-8jAw7G/openjdk-8-8u111-b14/src/hotspot/src/share/vm/classfile/systemDictionar
Event: 15.787 Thread 0x00007f9138002000 Exception <a 'java/lang/ClassNotFoundException': java/lang/ObjectCustomizer> (0x00000000dde7dba8) thrown at [/build/openjdk-8-8jAw7G/openjdk-8-8u111-b14/src/hotspot/src/share/vm/classfile/systemDictionary.cpp, line 210]

Events (10 events):
Event: 15.785 loading class org/springframework/boot/devtools/classpath/ClassPathRestartStrategyCustomizer done
Event: 15.785 loading class org/springframework/boot/devtools/classpath/ClassPathRestartStrategyCustomizer
Event: 15.785 loading class org/springframework/boot/devtools/classpath/ClassPathRestartStrategyCustomizer done
Event: 15.785 loading class org/springframework/boot/devtools/classpath/ClassPathRestartStrategyCustomizer
Event: 15.785 loading class org/springframework/boot/devtools/classpath/ClassPathRestartStrategyCustomizer done
Event: 15.787 loading class java/lang/ObjectCustomizer
Event: 15.787 loading class java/lang/ObjectCustomizer done
Event: 15.787 loading class java/lang/ObjectCustomizer
Event: 15.787 loading class java/lang/ObjectCustomizer done
Event: 15.787 Executing VM operation: ParallelGCFailedAllocation


Dynamic libraries:
00400000-00401000 r-xp 00000000 08:06 10885528                           /usr/lib/jvm/java-8-openjdk-amd64/jre/bin/java
00600000-00601000 r--p 00000000 08:06 10885528                           /usr/lib/jvm/java-8-openjdk-amd64/jre/bin/java
00601000-00602000 rw-p 00001000 08:06 10885528                           /usr/lib/jvm/java-8-openjdk-amd64/jre/bin/java
01e3b000-01e5c000 rw-p 00000000 00:00 0                                  [heap]
84a00000-8f500000 rw-p 00000000 00:00 0 
8f500000-d6e00000 ---p 00000000 00:00 0 
d6e00000-e6580000 rw-p 00000000 00:00 0 
e6580000-100000000 ---p 00000000 00:00 0 
100000000-100420000 rw-p 00000000 00:00 0 
100420000-140000000 ---p 00000000 00:00 0 
7f911c000000-7f911c021000 rw-p 00000000 00:00 0 
7f911c021000-7f9120000000 ---p 00000000 00:00 0 
7f9120000000-7f9120021000 rw-p 00000000 00:00 0 
7f9120021000-7f9124000000 ---p 00000000 00:00 0 
7f9124000000-7f9124076000 rw-p 00000000 00:00 0 
7f9124076000-7f9128000000 ---p 00000000 00:00 0 
7f9128000000-7f9128021000 rw-p 00000000 00:00 0 
7f9128021000-7f912c000000 ---p 00000000 00:00 0 
7f912c000000-7f912caab000 rw-p 00000000 00:00 0 
7f912caab000-7f9130000000 ---p 00000000 00:00 0 
7f9130000000-7f9130664000 rw-p 00000000 00:00 0 
7f9130664000-7f9134000000 ---p 00000000 00:00 0 
7f9134000000-7f9134021000 rw-p 00000000 00:00 0 
7f9134021000-7f9138000000 ---p 00000000 00:00 0 
7f9138000000-7f9138021000 rw-p 00000000 00:00 0 
7f9138021000-7f913c000000 ---p 00000000 00:00 0 
7f913c000000-7f913ce70000 rw-p 00000000 00:00 0 
7f913ce70000-7f9140000000 ---p 00000000 00:00 0 
7f9140000000-7f9140021000 rw-p 00000000 00:00 0 
7f9140021000-7f9144000000 ---p 00000000 00:00 0 
7f9144000000-7f9145d50000 rw-p 00000000 00:00 0 
7f9145d50000-7f9148000000 ---p 00000000 00:00 0 
7f9148000000-7f9149fe1000 rw-p 00000000 00:00 0 
7f9149fe1000-7f914c000000 ---p 00000000 00:00 0 
7f914c000000-7f914c021000 rw-p 00000000 00:00 0 
7f914c021000-7f9150000000 ---p 00000000 00:00 0 
7f9150ed6000-7f9150ed9000 ---p 00000000 00:00 0 
7f9150ed9000-7f9151157000 rw-p 00000000 00:00 0 
7f9151157000-7f91511d7000 ---p 00000000 00:00 0 
7f91511d7000-7f91513d7000 rw-p 00000000 00:00 0 
7f91513d7000-7f91513ff000 r-xp 00000000 08:06 10885606                   /usr/lib/jvm/java-8-openjdk-amd64/jre/lib/amd64/libsunec.so
7f91513ff000-7f91515fe000 ---p 00028000 08:06 10885606                   /usr/lib/jvm/java-8-openjdk-amd64/jre/lib/amd64/libsunec.so
7f91515fe000-7f9151602000 r--p 00027000 08:06 10885606                   /usr/lib/jvm/java-8-openjdk-amd64/jre/lib/amd64/libsunec.so
7f9151602000-7f9151603000 rw-p 0002b000 08:06 10885606                   /usr/lib/jvm/java-8-openjdk-amd64/jre/lib/amd64/libsunec.so
7f9151603000-7f9151803000 rw-p 00000000 00:00 0 
7f9151803000-7f9151806000 ---p 00000000 00:00 0 
7f9151806000-7f9151904000 rw-p 00000000 00:00 0 
7f9151904000-7f9151907000 ---p 00000000 00:00 0 
7f9151907000-7f9151c05000 rw-p 00000000 00:00 0 
7f9151c05000-7f9151e05000 rw-p 00000000 00:00 0 
7f9151ea6000-7f9151ea9000 r--s 00015000 08:06 10885555                   /usr/lib/jvm/java-8-openjdk-amd64/jre/lib/jce.jar
7f9151ea9000-7f9151ead000 r--s 00097000 08:06 10885557                   /usr/lib/jvm/java-8-openjdk-amd64/jre/lib/jsse.jar
7f9151ead000-7f91520ad000 rw-p 00000000 00:00 0 
7f91520ad000-7f91522ad000 rw-p 00000000 00:00 0 
7f91522ad000-7f91522be000 r-xp 00000000 08:06 10885601                   /usr/lib/jvm/java-8-openjdk-amd64/jre/lib/amd64/libnio.so
7f91522be000-7f91524be000 ---p 00011000 08:06 10885601                   /usr/lib/jvm/java-8-openjdk-amd64/jre/lib/amd64/libnio.so
7f91524be000-7f91524bf000 r--p 00011000 08:06 10885601                   /usr/lib/jvm/java-8-openjdk-amd64/jre/lib/amd64/libnio.so
7f91524bf000-7f91524c0000 rw-p 00012000 08:06 10885601                   /usr/lib/jvm/java-8-openjdk-amd64/jre/lib/amd64/libnio.so
7f91524c0000-7f91526c0000 rw-p 00000000 00:00 0 
7f91526c0000-7f91528c0000 rw-p 00000000 00:00 0 
7f91528c0000-7f91528c3000 ---p 00000000 00:00 0 
7f91528c3000-7f9152bc1000 rw-p 00000000 00:00 0 
7f9152bc1000-7f9152bc6000 r--s 002f9000 08:06 10885548                   /usr/lib/jvm/java-8-openjdk-amd64/jre/lib/charsets.jar
7f9152bc6000-7f9152dc6000 rw-p 00000000 00:00 0 
7f9152dc6000-7f9152dc9000 ---p 00000000 00:00 0 
7f9152dc9000-7f91531c8000 rw-p 00000000 00:00 0 
7f91531c8000-7f91531df000 r-xp 00000000 08:06 10885600                   /usr/lib/jvm/java-8-openjdk-amd64/jre/lib/amd64/libnet.so
7f91531df000-7f91533de000 ---p 00017000 08:06 10885600                   /usr/lib/jvm/java-8-openjdk-amd64/jre/lib/amd64/libnet.so
7f91533de000-7f91533df000 r--p 00016000 08:06 10885600                   /usr/lib/jvm/java-8-openjdk-amd64/jre/lib/amd64/libnet.so
7f91533df000-7f91533e0000 rw-p 00017000 08:06 10885600                   /usr/lib/jvm/java-8-openjdk-amd64/jre/lib/amd64/libnet.so
7f91533e0000-7f91533e9000 r-xp 00000000 08:06 10885598                   /usr/lib/jvm/java-8-openjdk-amd64/jre/lib/amd64/libmanagement.so
7f91533e9000-7f91535e8000 ---p 00009000 08:06 10885598                   /usr/lib/jvm/java-8-openjdk-amd64/jre/lib/amd64/libmanagement.so
7f91535e8000-7f91535e9000 r--p 00008000 08:06 10885598                   /usr/lib/jvm/java-8-openjdk-amd64/jre/lib/amd64/libmanagement.so
7f91535e9000-7f91535ea000 rw-p 00009000 08:06 10885598                   /usr/lib/jvm/java-8-openjdk-amd64/jre/lib/amd64/libmanagement.so
7f91535ea000-7f91535ed000 ---p 00000000 00:00 0 
7f91535ed000-7f91536eb000 rw-p 00000000 00:00 0 
7f91536eb000-7f91536ee000 ---p 00000000 00:00 0 
7f91536ee000-7f91537ec000 rw-p 00000000 00:00 0 
7f91537ec000-7f91537f3000 r--s 0002e000 08:06 10749767                   /home/ram/.gradle/caches/modules-2/files-2.1/org.springframework.boot/spring-boot-devtools/1.5.2.RELEASE/c765d6b85bdbf11b8f2324e21621fc16685682cb/spring-boot-devtools-1.5.2.RELEASE.jar
7f91537f3000-7f91537fe000 r--s 0006a000 08:06 10749644                   /home/ram/.gradle/caches/modules-2/files-2.1/ch.qos.logback/logback-core/1.1.11/88b8df40340eed549fb07e2613879bf6b006704d/logback-core-1.1.11.jar
7f91537fe000-7f9153800000 r--s 00004000 08:06 10749643                   /home/ram/.gradle/caches/modules-2/files-2.1/org.slf4j/log4j-over-slf4j/1.7.24/6ab46c51a3848286a0db3ba7b22037b3834c3c44/log4j-over-slf4j-1.7.24.jar
7f9153800000-7f9153802000 r--s 00000000 08:06 10749642                   /home/ram/.gradle/caches/modules-2/files-2.1/org.slf4j/jul-to-slf4j/1.7.24/25a2be668cb2ad1d05d76c0773df73b4b53617fd/jul-to-slf4j-1.7.24.jar
7f9153802000-7f9153809000 r--s 00045000 08:06 10749641                   /home/ram/.gradle/caches/modules-2/files-2.1/ch.qos.logback/logback-classic/1.1.11/ccedfbacef4a6515d2983e3f89ed753d5d4fb665/logback-classic-1.1.11.jar
7f9153809000-7f915380d000 r--s 00015000 08:06 10749640                   /home/ram/.gradle/caches/modules-2/files-2.1/javax.xml.bind/jaxb-api/2.2.7/2f51c4bb4724ea408096ee9100ff2827e07e5b7c/jaxb-api-2.2.7.jar
7f915380d000-7f915382b000 r--s 0027d000 08:06 10749639                   /home/ram/.gradle/caches/modules-2/files-2.1/xalan/xalan/2.7.0/a33c0097f1c70b20fa7ded220ea317eb3500515e/xalan-2.7.0.jar
7f915382b000-7f9153842000 r--s 00110000 08:06 10749638                   /home/ram/.gradle/caches/modules-2/files-2.1/xerces/xercesImpl/2.8.0/cfd3ebe2f8034e660344f9108c3e2daf78c29cc3/xercesImpl-2.8.0.jar
7f9153842000-7f915384b000 r--s 0002d000 08:06 10749637                   /home/ram/.gradle/caches/modules-2/files-2.1/xml-apis/xml-apis/1.4.01/3789d9fada2d3d458c4ba2de349d48780f381ee3/xml-apis-1.4.01.jar
7f915384b000-7f9153850000 r--s 0003c000 08:06 10749636                   /home/ram/.gradle/caches/modules-2/files-2.1/org.springframework/spring-expression/4.3.7.RELEASE/5257b6486e43d8c05674323fea5b415d4da72f38/spring-expression-4.3.7.RELEASE.jar
7f9153850000-7f915386a000 r--s 000fd000 08:06 10749635                   /home/ram/.gradle/caches/modules-2/files-2.1/org.springframework/spring-context/4.3.7.RELEASE/34b66b0b7910122ef95ba4fff6da9238ef80a5de/spring-context-4.3.7.RELEASE.jar
7f915386a000-7f9153878000 r--s 000ad000 08:06 10749634                   /home/ram/.gradle/caches/modules-2/files-2.1/org.springframework/spring-beans/4.3.7.RELEASE/2de9f59f3202965438f3a02057d6ad8274636044/spring-beans-4.3.7.RELEASE.jar
7f9153878000-7f9153881000 r--s 00054000 08:06 10749633                   /home/ram/.gradle/caches/modules-2/files-2.1/org.springframework/spring-aop/4.3.7.RELEASE/3f243d685e4a8a78a0c291445c6d85560ec4d339/spring-aop-4.3.7.RELEASE.jar
7f9153881000-7f9153884000 r--s 00042000 08:06 10749632                   /home/ram/.gradle/caches/modules-2/files-2.1/com.fasterxml.jackson.core/jackson-core/2.8.7/8b46f39c78476fb848c81a49fa807a9e9506dddd/jackson-core-2.8.7.jar
7f9153884000-7f9153887000 r--s 0000b000 08:06 10749631                   /home/ram/.gradle/caches/modules-2/files-2.1/com.fasterxml.jackson.core/jackson-annotations/2.8.0/45b426f7796b741035581a176744d91090e2e6fb/jackson-annotations-2.8.0.jar
7f9153887000-7f9153889000 r--s 0000e000 08:06 10749630                   /home/ram/.gradle/caches/modules-2/files-2.1/com.fasterxml/classmate/1.3.3/864c8e370a691e343210cc7c532fc198cee460d8/classmate-1.3.3.jar
7f9153889000-7f915388b000 r--s 0000f000 08:06 10749629                   /home/ram/.gradle/caches/modules-2/files-2.1/org.jboss.logging/jboss-logging/3.3.0.Final/3616bb87707910296e2c195dc016287080bba5af/jboss-logging-3.3.0.Final.jar
7f915388b000-7f915388f000 r--s 0000c000 08:06 10749628                   /home/ram/.gradle/caches/modules-2/files-2.1/javax.validation/validation-api/1.1.0.Final/8613ae82954779d518631e05daa73a6a954817d5/validation-api-1.1.0.Final.jar
7f915388f000-7f9153894000 r--s 00036000 08:06 10749627                   /home/ram/.gradle/caches/modules-2/files-2.1/org.apache.tomcat.embed/tomcat-embed-websocket/8.5.11/dfa65e7857d46630761c0571758a56f7cbd1e9ba/tomcat-embed-websocket-8.5.11.jar
7f9153894000-7f9153899000 r--s 00036000 08:06 10749626                   /home/ram/.gradle/caches/modules-2/files-2.1/org.apache.tomcat.embed/tomcat-embed-el/8.5.11/60253815b897166903bf5ec41219c5bb15333a69/tomcat-embed-el-8.5.11.jar
7f9153899000-7f91538c2000 r--s 002b8000 08:06 10749625                   /home/ram/.gradle/caches/modules-2/files-2.1/org.apache.tomcat.embed/tomcat-embed-core/8.5.11/72761f51fc7cef3ee19d4aafc7adc605df9f611f/tomcat-embed-core-8.5.11.jar
7f91538c2000-7f91538c8000 r--s 0003d000 08:06 10749624                   /home/ram/.gradle/caches/modules-2/files-2.1/org.yaml/snakeyaml/1.17/7a27ea250c5130b2922b86dea63cbb1cc10a660c/snakeyaml-1.17.jar
7f91538c8000-7f91538df000 r--s 000fb000 08:06 10749519                   /home/ram/.gradle/caches/modules-2/files-2.1/org.springframework/spring-core/4.3.7.RELEASE/54fa2db94cc7222edc90ec71354e47cd1dc07f7b/spring-core-4.3.7.RELEASE.jar
7f91538df000-7f91538e0000 r--s 00000000 08:06 10749623                   /home/ram/.gradle/caches/modules-2/files-2.1/org.springframework.boot/spring-boot-starter-logging/1.5.2.RELEASE/32210889e1f9bb09ac134b9f43a117ed62f0bed2/spring-boot-starter-logging-1.5.2.RELEASE.jar
7f91538e0000-7f9153900000 r--s 000e0000 08:06 10749622                   /home/ram/.gradle/caches/modules-2/files-2.1/org.springframework.boot/spring-boot-autoconfigure/1.5.2.RELEASE/8a9b8c747bc2c86eefde10330cb2984541bcb9d1/spring-boot-autoconfigure-1.5.2.RELEASE.jar
7f9153900000-7f9153910000 r--s 00094000 08:06 10749621                   /home/ram/.gradle/caches/modules-2/files-2.1/org.springframework.boot/spring-boot/1.5.2.RELEASE/46bb5d8c9ab5d3ef9e158ca5906ee7d3569befc1/spring-boot-1.5.2.RELEASE.jar
7f9153910000-7f9153911000 r--s 00004000 08:06 10749620                   /home/ram/.gradle/caches/modules-2/files-2.1/javax.json/javax.json-api/1.0/a74939ecbf7294b40accb4048929577f5ddcee2/javax.json-api-1.0.jar
7f9153911000-7f9153916000 r--s 00045000 08:06 10749619                   /home/ram/.gradle/caches/modules-2/files-2.1/com.googlecode.efficient-java-matrix-library/ejml/0.23/fb9a880674f0d241d727ee2bc5e6a839d3007fe8/ejml-0.23.jar
7f9153916000-7f915391b000 r--s 0002d000 08:06 10749618                   /home/ram/.gradle/caches/modules-2/files-2.1/de.jollyday/jollyday/0.4.7/aa1c57aa11494985854b8ec8d39574754db67f22/jollyday-0.4.7.jar
7f915391b000-7f915392c000 r--s 0008a000 08:06 10749617                   /home/ram/.gradle/caches/modules-2/files-2.1/joda-time/joda-time/2.9.7/6eb2e87ddb09e944bb88f06f19ba0638d4607ffd/joda-time-2.9.7.jar
7f915392c000-7f9153933000 r--s 00046000 08:06 10749616                   /home/ram/.gradle/caches/modules-2/files-2.1/com.io7m.xom/xom/1.2.10/4165e25bef19aad134f6498cc277110b9bc5e52b/xom-1.2.10.jar
7f9153933000-7f9153935000 r--s 00009000 08:06 10749615                   /home/ram/.gradle/caches/modules-2/files-2.1/org.slf4j/slf4j-api/1.7.24/3f6b4bd4f8dbe8d4bea06d107a3826469b85c3e9/slf4j-api-1.7.24.jar
7f9153935000-7f9153937000 r--s 00003000 08:06 10749614                   /home/ram/.gradle/caches/modules-2/files-2.1/org.slf4j/jcl-over-slf4j/1.7.24/e6a8629079856a2aa7862c6327ccf6dd1988d7fc/jcl-over-slf4j-1.7.24.jar
7f9153937000-7f9153938000 r--s 00006000 08:06 10749613                   /home/ram/.gradle/caches/modules-2/files-2.1/org.noggit/noggit/0.6/fa94a59c44b39ee710f3c9451750119e432326c0/noggit-0.6.jar
7f9153938000-7f915393e000 r--s 00071000 08:06 10749612                   /home/ram/.gradle/caches/modules-2/files-2.1/org.codehaus.woodstox/woodstox-core-asl/4.4.1/84fee5eb1a4a1cefe65b6883c73b3fa83be3c1a1/woodstox-core-asl-4.4.1.jar
7f915393e000-7f9153942000 r--s 00024000 08:06 10749611                   /home/ram/.gradle/caches/modules-2/files-2.1/org.codehaus.woodstox/stax2-api/3.1.4/ac19014b1e6a7c08aad07fe114af792676b685b7/stax2-api-3.1.4.jar
7f9153942000-7f915394e000 r--s 000b6000 08:06 10749610                   /home/ram/.gradle/caches/modules-2/files-2.1/org.apache.zookeeper/zookeeper/3.4.6/1b2502e29da1ebaade2357cd1de35a855fa3755/zookeeper-3.4.6.jar
7f915394e000-7f9153956000 r--s 00048000 08:06 10749608                   /home/ram/.gradle/caches/modules-2/files-2.1/org.apache.httpcomponents/httpcore/4.4.6/e3fd8ced1f52c7574af952e2e6da0df8df08eb82/httpcore-4.4.6.jar
7f9153956000-7f9153963000 r--s 000aa000 08:06 10749607                   /home/ram/.gradle/caches/modules-2/files-2.1/org.apache.httpcomponents/httpclient/4.5.3/d1577ae15f01ef5438c5afc62162457c00a34713/httpclient-4.5.3.jar
7f9153963000-7f9153973000 r--s 00077000 08:06 10749605                   /home/ram/.gradle/caches/modules-2/files-2.1/org.springframework.boot/spring-boot-actuator/1.5.2.RELEASE/a477a9bcf414bce26c702872354ae60b1ed832f0/spring-boot-actuator-1.5.2.RELEASE.jar
7f9153973000-7f9153984000 r--s 000cf000 08:06 10749604                   /home/ram/.gradle/caches/modules-2/files-2.1/org.springframework/spring-webmvc/4.3.7.RELEASE/d25b11a605589f176e3ecf1dcae62a991a18b377/spring-webmvc-4.3.7.RELEASE.jar
7f9153984000-7f9153995000 r--s 000b7000 08:06 10749603                   /home/ram/.gradle/caches/modules-2/files-2.1/org.springframework/spring-web/4.3.7.RELEASE/7b69fc68cdb74c1c92f72905af6995696fcb56aa/spring-web-4.3.7.RELEASE.jar
7f9153995000-7f91539a7000 r--s 0011d000 08:06 10749602                   /home/ram/.gradle/caches/modules-2/files-2.1/com.fasterxml.jackson.core/jackson-databind/2.8.7/6c3257ef458ac58a8da69a6dca3d2a15286d88c8/jackson-databind-2.8.7.jar
7f91539a7000-7f91539b8000 r--s 000a1000 08:06 10749601                   /home/ram/.gradle/caches/modules-2/files-2.1/org.hibernate/hibernate-validator/5.3.4.Final/2f6c8c0b646afe18e3ad205726729d3c4a85fe2e/hibernate-validator-5.3.4.Final.jar
7f91539b8000-7f91539fa000 r--s 00558000 08:06 10749597                   /home/ram/.gradle/caches/modules-2/files-2.1/edu.stanford.nlp/stanford-corenlp/3.5.0/7fc5ccfdce3c7d717d20394abf27ca1dda651a2/stanford-corenlp-3.5.0.jar
7f91539fa000-7f91539fb000 ---p 00000000 00:00 0 
7f91539fb000-7f9153afb000 rw-p 00000000 00:00 0 
7f9153afb000-7f9153afe000 ---p 00000000 00:00 0 
7f9153afe000-7f9153bfc000 rw-p 00000000 00:00 0 
7f9153bfc000-7f9153bff000 ---p 00000000 00:00 0 
7f9153bff000-7f9153cfd000 rw-p 00000000 00:00 0 
7f9153cfd000-7f9153d00000 ---p 00000000 00:00 0 
7f9153d00000-7f9153dfe000 rw-p 00000000 00:00 0 
7f9153dfe000-7f9153e01000 ---p 00000000 00:00 0 
7f9153e01000-7f9153eff000 rw-p 00000000 00:00 0 
7f9153eff000-7f9153f02000 ---p 00000000 00:00 0 
7f9153f02000-7f9154000000 rw-p 00000000 00:00 0 
7f9154000000-7f9154021000 rw-p 00000000 00:00 0 
7f9154021000-7f9158000000 ---p 00000000 00:00 0 
7f9158000000-7f9158021000 rw-p 00000000 00:00 0 
7f9158021000-7f915c000000 ---p 00000000 00:00 0 
7f915c000000-7f915c021000 rw-p 00000000 00:00 0 
7f915c021000-7f9160000000 ---p 00000000 00:00 0 
7f9160000000-7f9160021000 rw-p 00000000 00:00 0 
7f9160021000-7f9164000000 ---p 00000000 00:00 0 
7f9164000000-7f9164023000 rw-p 00000000 00:00 0 
7f9164023000-7f9168000000 ---p 00000000 00:00 0 
7f9168000000-7f9168021000 rw-p 00000000 00:00 0 
7f9168021000-7f916c000000 ---p 00000000 00:00 0 
7f916c000000-7f916c021000 rw-p 00000000 00:00 0 
7f916c021000-7f9170000000 ---p 00000000 00:00 0 
7f9170000000-7f9170002000 r--s 00009000 08:06 10749609                   /home/ram/.gradle/caches/modules-2/files-2.1/org.apache.httpcomponents/httpmime/4.5.3/889fd6d061bb63b99dd5c6aba35a555ae863de52/httpmime-4.5.3.jar
7f9170002000-7f9170006000 r--s 0002f000 08:06 10749606                   /home/ram/.gradle/caches/modules-2/files-2.1/commons-io/commons-io/2.5/2852e6e05fbb95076fc091f6d1780f1f8fe35e0f/commons-io-2.5.jar
7f9170006000-7f9170007000 r--s 00000000 08:06 10749600                   /home/ram/.gradle/caches/modules-2/files-2.1/org.springframework.boot/spring-boot-starter-tomcat/1.5.2.RELEASE/354320ef371fc4fc126d1bb8564cd73085a48823/spring-boot-starter-tomcat-1.5.2.RELEASE.jar
7f9170007000-7f9170008000 r--s 00000000 08:06 10749599                   /home/ram/.gradle/caches/modules-2/files-2.1/org.springframework.boot/spring-boot-starter/1.5.2.RELEASE/c72938c86ed3beadb385f29bc2954c8ca3aa47ab/spring-boot-starter-1.5.2.RELEASE.jar
7f9170008000-7f917000b000 r--s 0e798000 08:06 10749598                   /home/ram/.gradle/caches/modules-2/files-2.1/edu.stanford.nlp/stanford-corenlp/3.5.0/719c2311ecc586ae705c64da28c02770a52a9170/stanford-corenlp-3.5.0-models.jar
7f917000b000-7f917001d000 r--s 000ff000 08:06 10749596                   /home/ram/.gradle/caches/modules-2/files-2.1/org.apache.solr/solr-solrj/6.5.0/ed4ca06c007898374506cf3b0a493ffd738336ae/solr-solrj-6.5.0.jar
7f917001d000-7f917001e000 r--s 00000000 08:06 10749595                   /home/ram/.gradle/caches/modules-2/files-2.1/org.springframework.boot/spring-boot-starter-actuator/1.5.2.RELEASE/e30a1a03f1521adbc0a6cfdb13b2f7038cafa279/spring-boot-starter-actuator-1.5.2.RELEASE.jar
7f917001e000-7f917001f000 r--s 00000000 08:06 10749594                   /home/ram/.gradle/caches/modules-2/files-2.1/org.springframework.boot/spring-boot-starter-web/1.5.2.RELEASE/27f29876980c079b46be16b759eafe92720f3338/spring-boot-starter-web-1.5.2.RELEASE.jar
7f917001f000-7f9170022000 r--s 0000f000 08:06 10885622                   /usr/lib/jvm/java-8-openjdk-amd64/jre/lib/ext/icedtea-sound.jar
7f9170022000-7f9170023000 r--s 00010000 08:06 10885629                   /usr/lib/jvm/java-8-openjdk-amd64/jre/lib/ext/zipfs.jar
7f9170023000-7f917003e000 r--s 00394000 08:06 10885620                   /usr/lib/jvm/java-8-openjdk-amd64/jre/lib/ext/cldrdata.jar
7f917003e000-7f9170048000 r--s 00116000 08:06 10885624                   /usr/lib/jvm/java-8-openjdk-amd64/jre/lib/ext/localedata.jar
7f9170048000-7f9170320000 r--p 00000000 08:06 10887168                   /usr/lib/locale/locale-archive
7f9170320000-7f9170323000 ---p 00000000 00:00 0 
7f9170323000-7f9170421000 rw-p 00000000 00:00 0 
7f9170421000-7f9170424000 ---p 00000000 00:00 0 
7f9170424000-7f9170522000 rw-p 00000000 00:00 0 
7f9170522000-7f9170523000 ---p 00000000 00:00 0 
7f9170523000-7f9175000000 rw-p 00000000 00:00 0 
7f9175000000-7f9175c10000 rwxp 00000000 00:00 0 
7f9175c10000-7f9184000000 ---p 00000000 00:00 0 
7f9184000000-7f9184708000 rw-p 00000000 00:00 0 
7f9184708000-7f9188000000 ---p 00000000 00:00 0 
7f9188000000-7f9188005000 r--s 0003b000 08:06 10885627                   /usr/lib/jvm/java-8-openjdk-amd64/jre/lib/ext/sunjce_provider.jar
7f9188005000-7f9188007000 r--s 00008000 08:06 10885626                   /usr/lib/jvm/java-8-openjdk-amd64/jre/lib/ext/sunec.jar
7f9188007000-7f91883ba000 rw-p 00000000 00:00 0 
7f91883ba000-7f9188588000 r--s 03bf1000 08:06 10885566                   /usr/lib/jvm/java-8-openjdk-amd64/jre/lib/rt.jar
7f9188588000-7f91891d9000 rw-p 00000000 00:00 0 
7f91891d9000-7f91891da000 ---p 00000000 00:00 0 
7f91891da000-7f91892da000 rw-p 00000000 00:00 0 
7f91892da000-7f91892db000 ---p 00000000 00:00 0 
7f91892db000-7f91893db000 rw-p 00000000 00:00 0 
7f91893db000-7f91893dc000 ---p 00000000 00:00 0 
7f91893dc000-7f91894dc000 rw-p 00000000 00:00 0 
7f91894dc000-7f91894dd000 ---p 00000000 00:00 0 
7f91894dd000-7f9189633000 rw-p 00000000 00:00 0 
7f9189633000-7f918986f000 ---p 00000000 00:00 0 
7f918986f000-7f91898c5000 rw-p 00000000 00:00 0 
7f91898c5000-7f9189b01000 ---p 00000000 00:00 0 
7f9189b01000-7f9189b7d000 rw-p 00000000 00:00 0 
7f9189b7d000-7f9189c4a000 ---p 00000000 00:00 0 
7f9189c4a000-7f9189c7c000 rw-p 00000000 00:00 0 
7f9189c7c000-7f918a00b000 ---p 00000000 00:00 0 
7f918a00b000-7f918a013000 r-xp 00000000 08:06 10885609                   /usr/lib/jvm/java-8-openjdk-amd64/jre/lib/amd64/libzip.so
7f918a013000-7f918a212000 ---p 00008000 08:06 10885609                   /usr/lib/jvm/java-8-openjdk-amd64/jre/lib/amd64/libzip.so
7f918a212000-7f918a213000 r--p 00007000 08:06 10885609                   /usr/lib/jvm/java-8-openjdk-amd64/jre/lib/amd64/libzip.so
7f918a213000-7f918a214000 rw-p 00008000 08:06 10885609                   /usr/lib/jvm/java-8-openjdk-amd64/jre/lib/amd64/libzip.so
7f918a214000-7f918a21f000 r-xp 00000000 08:06 4723307                    /lib/x86_64-linux-gnu/libnss_files-2.23.so
7f918a21f000-7f918a41e000 ---p 0000b000 08:06 4723307                    /lib/x86_64-linux-gnu/libnss_files-2.23.so
7f918a41e000-7f918a41f000 r--p 0000a000 08:06 4723307                    /lib/x86_64-linux-gnu/libnss_files-2.23.so
7f918a41f000-7f918a420000 rw-p 0000b000 08:06 4723307                    /lib/x86_64-linux-gnu/libnss_files-2.23.so
7f918a420000-7f918a426000 rw-p 00000000 00:00 0 
7f918a426000-7f918a431000 r-xp 00000000 08:06 4723317                    /lib/x86_64-linux-gnu/libnss_nis-2.23.so
7f918a431000-7f918a630000 ---p 0000b000 08:06 4723317                    /lib/x86_64-linux-gnu/libnss_nis-2.23.so
7f918a630000-7f918a631000 r--p 0000a000 08:06 4723317                    /lib/x86_64-linux-gnu/libnss_nis-2.23.so
7f918a631000-7f918a632000 rw-p 0000b000 08:06 4723317                    /lib/x86_64-linux-gnu/libnss_nis-2.23.so
7f918a632000-7f918a648000 r-xp 00000000 08:06 4723301                    /lib/x86_64-linux-gnu/libnsl-2.23.so
7f918a648000-7f918a847000 ---p 00016000 08:06 4723301                    /lib/x86_64-linux-gnu/libnsl-2.23.so
7f918a847000-7f918a848000 r--p 00015000 08:06 4723301                    /lib/x86_64-linux-gnu/libnsl-2.23.so
7f918a848000-7f918a849000 rw-p 00016000 08:06 4723301                    /lib/x86_64-linux-gnu/libnsl-2.23.so
7f918a849000-7f918a84b000 rw-p 00000000 00:00 0 
7f918a84b000-7f918a853000 r-xp 00000000 08:06 4723303                    /lib/x86_64-linux-gnu/libnss_compat-2.23.so
7f918a853000-7f918aa52000 ---p 00008000 08:06 4723303                    /lib/x86_64-linux-gnu/libnss_compat-2.23.so
7f918aa52000-7f918aa53000 r--p 00007000 08:06 4723303                    /lib/x86_64-linux-gnu/libnss_compat-2.23.so
7f918aa53000-7f918aa54000 rw-p 00008000 08:06 4723303                    /lib/x86_64-linux-gnu/libnss_compat-2.23.so
7f918aa54000-7f918aa81000 r-xp 00000000 08:06 10885588                   /usr/lib/jvm/java-8-openjdk-amd64/jre/lib/amd64/libjava.so
7f918aa81000-7f918ac80000 ---p 0002d000 08:06 10885588                   /usr/lib/jvm/java-8-openjdk-amd64/jre/lib/amd64/libjava.so
7f918ac80000-7f918ac81000 r--p 0002c000 08:06 10885588                   /usr/lib/jvm/java-8-openjdk-amd64/jre/lib/amd64/libjava.so
7f918ac81000-7f918ac83000 rw-p 0002d000 08:06 10885588                   /usr/lib/jvm/java-8-openjdk-amd64/jre/lib/amd64/libjava.so
7f918ac83000-7f918ac92000 r-xp 00000000 08:06 10885608                   /usr/lib/jvm/java-8-openjdk-amd64/jre/lib/amd64/libverify.so
7f918ac92000-7f918ae91000 ---p 0000f000 08:06 10885608                   /usr/lib/jvm/java-8-openjdk-amd64/jre/lib/amd64/libverify.so
7f918ae91000-7f918ae93000 r--p 0000e000 08:06 10885608                   /usr/lib/jvm/java-8-openjdk-amd64/jre/lib/amd64/libverify.so
7f918ae93000-7f918ae94000 rw-p 00010000 08:06 10885608                   /usr/lib/jvm/java-8-openjdk-amd64/jre/lib/amd64/libverify.so
7f918ae94000-7f918ae9b000 r-xp 00000000 08:06 4723362                    /lib/x86_64-linux-gnu/librt-2.23.so
7f918ae9b000-7f918b09a000 ---p 00007000 08:06 4723362                    /lib/x86_64-linux-gnu/librt-2.23.so
7f918b09a000-7f918b09b000 r--p 00006000 08:06 4723362                    /lib/x86_64-linux-gnu/librt-2.23.so
7f918b09b000-7f918b09c000 rw-p 00007000 08:06 4723362                    /lib/x86_64-linux-gnu/librt-2.23.so
7f918b09c000-7f918b0b2000 r-xp 00000000 08:06 4723246                    /lib/x86_64-linux-gnu/libgcc_s.so.1
7f918b0b2000-7f918b2b1000 ---p 00016000 08:06 4723246                    /lib/x86_64-linux-gnu/libgcc_s.so.1
7f918b2b1000-7f918b2b2000 rw-p 00015000 08:06 4723246                    /lib/x86_64-linux-gnu/libgcc_s.so.1
7f918b2b2000-7f918b3ba000 r-xp 00000000 08:06 4723278                    /lib/x86_64-linux-gnu/libm-2.23.so
7f918b3ba000-7f918b5b9000 ---p 00108000 08:06 4723278                    /lib/x86_64-linux-gnu/libm-2.23.so
7f918b5b9000-7f918b5ba000 r--p 00107000 08:06 4723278                    /lib/x86_64-linux-gnu/libm-2.23.so
7f918b5ba000-7f918b5bb000 rw-p 00108000 08:06 4723278                    /lib/x86_64-linux-gnu/libm-2.23.so
7f918b5bb000-7f918b72d000 r-xp 00000000 08:06 10889705                   /usr/lib/x86_64-linux-gnu/libstdc++.so.6.0.21
7f918b72d000-7f918b92d000 ---p 00172000 08:06 10889705                   /usr/lib/x86_64-linux-gnu/libstdc++.so.6.0.21
7f918b92d000-7f918b937000 r--p 00172000 08:06 10889705                   /usr/lib/x86_64-linux-gnu/libstdc++.so.6.0.21
7f918b937000-7f918b939000 rw-p 0017c000 08:06 10889705                   /usr/lib/x86_64-linux-gnu/libstdc++.so.6.0.21
7f918b939000-7f918b93d000 rw-p 00000000 00:00 0 
7f918b93d000-7f918c58c000 r-xp 00000000 08:06 10885614                   /usr/lib/jvm/java-8-openjdk-amd64/jre/lib/amd64/server/libjvm.so
7f918c58c000-7f918c78b000 ---p 00c4f000 08:06 10885614                   /usr/lib/jvm/java-8-openjdk-amd64/jre/lib/amd64/server/libjvm.so
7f918c78b000-7f918c81e000 r--p 00c4e000 08:06 10885614                   /usr/lib/jvm/java-8-openjdk-amd64/jre/lib/amd64/server/libjvm.so
7f918c81e000-7f918c847000 rw-p 00ce1000 08:06 10885614                   /usr/lib/jvm/java-8-openjdk-amd64/jre/lib/amd64/server/libjvm.so
7f918c847000-7f918c877000 rw-p 00000000 00:00 0 
7f918c877000-7f918c88f000 r-xp 00000000 08:06 4723354                    /lib/x86_64-linux-gnu/libpthread-2.23.so
7f918c88f000-7f918ca8e000 ---p 00018000 08:06 4723354                    /lib/x86_64-linux-gnu/libpthread-2.23.so
7f918ca8e000-7f918ca8f000 r--p 00017000 08:06 4723354                    /lib/x86_64-linux-gnu/libpthread-2.23.so
7f918ca8f000-7f918ca90000 rw-p 00018000 08:06 4723354                    /lib/x86_64-linux-gnu/libpthread-2.23.so
7f918ca90000-7f918ca94000 rw-p 00000000 00:00 0 
7f918ca94000-7f918ca97000 r-xp 00000000 08:06 4723232                    /lib/x86_64-linux-gnu/libdl-2.23.so
7f918ca97000-7f918cc96000 ---p 00003000 08:06 4723232                    /lib/x86_64-linux-gnu/libdl-2.23.so
7f918cc96000-7f918cc97000 r--p 00002000 08:06 4723232                    /lib/x86_64-linux-gnu/libdl-2.23.so
7f918cc97000-7f918cc98000 rw-p 00003000 08:06 4723232                    /lib/x86_64-linux-gnu/libdl-2.23.so
7f918cc98000-7f918ccb1000 r-xp 00000000 08:06 4723399                    /lib/x86_64-linux-gnu/libz.so.1.2.8
7f918ccb1000-7f918ceb0000 ---p 00019000 08:06 4723399                    /lib/x86_64-linux-gnu/libz.so.1.2.8
7f918ceb0000-7f918ceb1000 r--p 00018000 08:06 4723399                    /lib/x86_64-linux-gnu/libz.so.1.2.8
7f918ceb1000-7f918ceb2000 rw-p 00019000 08:06 4723399                    /lib/x86_64-linux-gnu/libz.so.1.2.8
7f918ceb2000-7f918d071000 r-xp 00000000 08:06 4723208                    /lib/x86_64-linux-gnu/libc-2.23.so
7f918d071000-7f918d271000 ---p 001bf000 08:06 4723208                    /lib/x86_64-linux-gnu/libc-2.23.so
7f918d271000-7f918d275000 r--p 001bf000 08:06 4723208                    /lib/x86_64-linux-gnu/libc-2.23.so
7f918d275000-7f918d277000 rw-p 001c3000 08:06 4723208                    /lib/x86_64-linux-gnu/libc-2.23.so
7f918d277000-7f918d27b000 rw-p 00000000 00:00 0 
7f918d27b000-7f918d288000 r-xp 00000000 08:06 10885610                   /usr/lib/jvm/java-8-openjdk-amd64/jre/lib/amd64/jli/libjli.so
7f918d288000-7f918d488000 ---p 0000d000 08:06 10885610                   /usr/lib/jvm/java-8-openjdk-amd64/jre/lib/amd64/jli/libjli.so
7f918d488000-7f918d489000 r--p 0000d000 08:06 10885610                   /usr/lib/jvm/java-8-openjdk-amd64/jre/lib/amd64/jli/libjli.so
7f918d489000-7f918d48a000 rw-p 0000e000 08:06 10885610                   /usr/lib/jvm/java-8-openjdk-amd64/jre/lib/amd64/jli/libjli.so
7f918d48a000-7f918d4b0000 r-xp 00000000 08:06 4723180                    /lib/x86_64-linux-gnu/ld-2.23.so
7f918d4b0000-7f918d4b2000 r--s 00001000 08:06 10885621                   /usr/lib/jvm/java-8-openjdk-amd64/jre/lib/ext/dnsns.jar
7f918d4b2000-7f918d4b3000 r--s 0000a000 08:06 10885623                   /usr/lib/jvm/java-8-openjdk-amd64/jre/lib/ext/jaccess.jar
7f918d4b3000-7f918d4b7000 r--s 00037000 08:06 10885628                   /usr/lib/jvm/java-8-openjdk-amd64/jre/lib/ext/sunpkcs11.jar
7f918d4b7000-7f918d582000 rw-p 00000000 00:00 0 
7f918d582000-7f918d585000 ---p 00000000 00:00 0 
7f918d585000-7f918d688000 rw-p 00000000 00:00 0 
7f918d688000-7f918d6a3000 r--s 001d5000 08:06 10885625                   /usr/lib/jvm/java-8-openjdk-amd64/jre/lib/ext/nashorn.jar
7f918d6a3000-7f918d6ab000 rw-s 00000000 08:06 10748650                   /tmp/hsperfdata_ram/3039
7f918d6ab000-7f918d6ac000 rw-p 00000000 00:00 0 
7f918d6ac000-7f918d6ad000 ---p 00000000 00:00 0 
7f918d6ad000-7f918d6af000 rw-p 00000000 00:00 0 
7f918d6af000-7f918d6b0000 r--p 00025000 08:06 4723180                    /lib/x86_64-linux-gnu/ld-2.23.so
7f918d6b0000-7f918d6b1000 rw-p 00026000 08:06 4723180                    /lib/x86_64-linux-gnu/ld-2.23.so
7f918d6b1000-7f918d6b2000 rw-p 00000000 00:00 0 
7ffda40dc000-7ffda40ff000 rw-p 00000000 00:00 0                          [stack]
7ffda4125000-7ffda4127000 r--p 00000000 00:00 0                          [vvar]
7ffda4127000-7ffda4129000 r-xp 00000000 00:00 0                          [vdso]
ffffffffff600000-ffffffffff601000 r-xp 00000000 00:00 0                  [vsyscall]

VM Arguments:
jvm_args: -Dfile.encoding=UTF-8 -Duser.country=US -Duser.language=en -Duser.variant 
java_command: com.ir.tennis.Application
java_class_path (initial): /home/ram/ir/SearchEngine/build/classes/main:/home/ram/ir/SearchEngine/build/resources/main:/home/ram/.gradle/caches/modules-2/files-2.1/org.springframework.boot/spring-boot-starter-web/1.5.2.RELEASE/27f29876980c079b46be16b759eafe92720f3338/spring-boot-starter-web-1.5.2.RELEASE.jar:/home/ram/.gradle/caches/modules-2/files-2.1/org.springframework.boot/spring-boot-starter-actuator/1.5.2.RELEASE/e30a1a03f1521adbc0a6cfdb13b2f7038cafa279/spring-boot-starter-actuator-1.5.2.RELEASE.jar:/home/ram/.gradle/caches/modules-2/files-2.1/org.apache.solr/solr-solrj/6.5.0/ed4ca06c007898374506cf3b0a493ffd738336ae/solr-solrj-6.5.0.jar:/home/ram/.gradle/caches/modules-2/files-2.1/edu.stanford.nlp/stanford-corenlp/3.5.0/7fc5ccfdce3c7d717d20394abf27ca1dda651a2/stanford-corenlp-3.5.0.jar:/home/ram/.gradle/caches/modules-2/files-2.1/edu.stanford.nlp/stanford-corenlp/3.5.0/719c2311ecc586ae705c64da28c02770a52a9170/stanford-corenlp-3.5.0-models.jar:/home/ram/.gradle/caches/modules-2/files-2.1/org.springframework.boot/spring-boot-starter/1.5.2.RELEASE/c72938c86ed3beadb385f29bc2954c8ca3aa47ab/spring-boot-starter-1.5.2.RELEASE.jar:/home/ram/.gradle/caches/modules-2/files-2.1/org.springframework.boot/spring-boot-starter-tomcat/1.5.2.RELEASE/354320ef371fc4fc126d1bb8564cd73085a48823/spring-boot-starter-tomcat-1.5.2.RELEASE.jar:/home/ram/.gradle/caches/modules-2/files-2.1/org.hibernate/hibernate-validator/5.3.4.Final/2f6c8c0b646afe18e3ad205726729d3c4a85fe2e/hibernate-validator-5.3.4.Final.jar:/home/ram/.gradle/caches/modules-2/files-2.1/com.fasterxml.jackson.core/jackson-databind/2.8.7/6c3257ef458ac58a8da69a6dca3d2a15286d88c8/jackson-databind-2.8.7.jar:/home/ram/.gradle/caches/modules-2/files-2.1/org.springframework/spring-web/4.3.7.RELEASE/7b69fc68cdb74c1c92f72905af6995696fcb56aa/spring-web-4.3.7.RELEASE.jar:/home/ram/.gradle/caches/modules-2/files-2.1/org.springframework/spring-webmvc/4.3.7.RELEASE/d25b11a605589f176e3ecf1dcae62a991a18b377/spring-webmvc-4.3.7.RELEASE.ja
Launcher Type: SUN_STANDARD

Environment Variables:
PATH=/home/ram/bin:/home/ram/.local/bin:/usr/local/sbin:/usr/local/bin:/usr/sbin:/usr/bin:/sbin:/bin:/usr/games:/usr/local/games
USERNAME=ram
SHELL=/bin/bash
DISPLAY=:0

Signal Handlers:
SIGSEGV: [libjvm.so+0xa65880], sa_mask[0]=11111111011111111101111111111110, sa_flags=SA_RESTART|SA_SIGINFO
SIGBUS: [libjvm.so+0xa65880], sa_mask[0]=11111111011111111101111111111110, sa_flags=SA_RESTART|SA_SIGINFO
SIGFPE: [libjvm.so+0x8af1c0], sa_mask[0]=11111111011111111101111111111110, sa_flags=SA_RESTART|SA_SIGINFO
SIGPIPE: [libjvm.so+0x8af1c0], sa_mask[0]=11111111011111111101111111111110, sa_flags=SA_RESTART|SA_SIGINFO
SIGXFSZ: [libjvm.so+0x8af1c0], sa_mask[0]=11111111011111111101111111111110, sa_flags=SA_RESTART|SA_SIGINFO
SIGILL: [libjvm.so+0x8af1c0], sa_mask[0]=11111111011111111101111111111110, sa_flags=SA_RESTART|SA_SIGINFO
SIGUSR1: SIG_DFL, sa_mask[0]=00000000000000000000000000000000, sa_flags=none
SIGUSR2: [libjvm.so+0x8af070], sa_mask[0]=00100000000000000000000000000000, sa_flags=SA_RESTART|SA_SIGINFO
SIGHUP: [libjvm.so+0x8af540], sa_mask[0]=11111111011111111101111111111110, sa_flags=SA_RESTART|SA_SIGINFO
SIGINT: [libjvm.so+0x8af540], sa_mask[0]=11111111011111111101111111111110, sa_flags=SA_RESTART|SA_SIGINFO
SIGTERM: [libjvm.so+0x8af540], sa_mask[0]=11111111011111111101111111111110, sa_flags=SA_RESTART|SA_SIGINFO
SIGQUIT: [libjvm.so+0x8af540], sa_mask[0]=11111111011111111101111111111110, sa_flags=SA_RESTART|SA_SIGINFO


---------------  S Y S T E M  ---------------

OS:DISTRIB_ID=LinuxMint
DISTRIB_RELEASE=18.1
DISTRIB_CODENAME=serena
DISTRIB_DESCRIPTION="Linux Mint 18.1 Serena"

uname:Linux 4.4.0-53-generic #74-Ubuntu SMP Fri Dec 2 15:59:10 UTC 2016 x86_64
libc:glibc 2.23 NPTL 2.23 
rlimit: STACK 8192k, CORE 0k, NPROC 31395, NOFILE 65536, AS infinity
load average:4.65 2.54 1.03

/proc/meminfo:
MemTotal:        8079956 kB
MemFree:         5581868 kB
MemAvailable:    6105220 kB
Buffers:           87276 kB
Cached:           759392 kB
SwapCached:            0 kB
Active:          1771364 kB
Inactive:         554380 kB
Active(anon):    1480868 kB
Inactive(anon):   126244 kB
Active(file):     290496 kB
Inactive(file):   428136 kB
Unevictable:         504 kB
Mlocked:             504 kB
SwapTotal:       7810044 kB
SwapFree:        7810044 kB
Dirty:              6608 kB
Writeback:             0 kB
AnonPages:       1479780 kB
Mapped:           302856 kB
Shmem:            128032 kB
Slab:              78428 kB
SReclaimable:      47248 kB
SUnreclaim:        31180 kB
KernelStack:        8656 kB
PageTables:        32864 kB
NFS_Unstable:          0 kB
Bounce:                0 kB
WritebackTmp:          0 kB
CommitLimit:    11850020 kB
Committed_AS:    4630252 kB
VmallocTotal:   34359738367 kB
VmallocUsed:           0 kB
VmallocChunk:          0 kB
HardwareCorrupted:     0 kB
AnonHugePages:    489472 kB
CmaTotal:              0 kB
CmaFree:               0 kB
HugePages_Total:       0
HugePages_Free:        0
HugePages_Rsvd:        0
HugePages_Surp:        0
Hugepagesize:       2048 kB
DirectMap4k:      140864 kB
DirectMap2M:     8153088 kB


CPU:total 4 (2 cores per cpu, 2 threads per core) family 6 model 42 stepping 7, cmov, cx8, fxsr, mmx, sse, sse2, sse3, ssse3, sse4.1, sse4.2, popcnt, avx, clmul, ht, tsc, tscinvbit

/proc/cpuinfo:
processor	: 0
vendor_id	: GenuineIntel
cpu family	: 6
model		: 42
model name	: Intel(R) Core(TM) i3-2350M CPU @ 2.30GHz
stepping	: 7
microcode	: 0x1a
cpu MHz		: 2299.910
cache size	: 3072 KB
physical id	: 0
siblings	: 4
core id		: 0
cpu cores	: 2
apicid		: 0
initial apicid	: 0
fpu		: yes
fpu_exception	: yes
cpuid level	: 13
wp		: yes
flags		: fpu vme de pse tsc msr pae mce cx8 apic sep mtrr pge mca cmov pat pse36 clflush dts acpi mmx fxsr sse sse2 ss ht tm pbe syscall nx rdtscp lm constant_tsc arch_perfmon pebs bts rep_good nopl xtopology nonstop_tsc aperfmperf eagerfpu pni pclmulqdq dtes64 monitor ds_cpl vmx est tm2 ssse3 cx16 xtpr pdcm pcid sse4_1 sse4_2 x2apic popcnt tsc_deadline_timer xsave avx lahf_lm epb tpr_shadow vnmi flexpriority ept vpid xsaveopt dtherm arat pln pts
bugs		:
bogomips	: 4589.70
clflush size	: 64
cache_alignment	: 64
address sizes	: 36 bits physical, 48 bits virtual
power management:

processor	: 1
vendor_id	: GenuineIntel
cpu family	: 6
model		: 42
model name	: Intel(R) Core(TM) i3-2350M CPU @ 2.30GHz
stepping	: 7
microcode	: 0x1a
cpu MHz		: 2300.000
cache size	: 3072 KB
physical id	: 0
siblings	: 4
core id		: 1
cpu cores	: 2
apicid		: 2
initial apicid	: 2
fpu		: yes
fpu_exception	: yes
cpuid level	: 13
wp		: yes
flags		: fpu vme de pse tsc msr pae mce cx8 apic sep mtrr pge mca cmov pat pse36 clflush dts acpi mmx fxsr sse sse2 ss ht tm pbe syscall nx rdtscp lm constant_tsc arch_perfmon pebs bts rep_good nopl xtopology nonstop_tsc aperfmperf eagerfpu pni pclmulqdq dtes64 monitor ds_cpl vmx est tm2 ssse3 cx16 xtpr pdcm pcid sse4_1 sse4_2 x2apic popcnt tsc_deadline_timer xsave avx lahf_lm epb tpr_shadow vnmi flexpriority ept vpid xsaveopt dtherm arat pln pts
bugs		:
bogomips	: 4589.70
clflush size	: 64
cache_alignment	: 64
address sizes	: 36 bits physical, 48 bits virtual
power management:

processor	: 2
vendor_id	: GenuineIntel
cpu family	: 6
model		: 42
model name	: Intel(R) Core(TM) i3-2350M CPU @ 2.30GHz
stepping	: 7
microcode	: 0x1a
cpu MHz		: 2299.910
cache size	: 3072 KB
physical id	: 0
siblings	: 4
core id		: 0
cpu cores	: 2
apicid		: 1
initial apicid	: 1
fpu		: yes
fpu_exception	: yes
cpuid level	: 13
wp		: yes
flags		: fpu vme de pse tsc msr pae mce cx8 apic sep mtrr pge mca cmov pat pse36 clflush dts acpi mmx fxsr sse sse2 ss ht tm pbe syscall nx rdtscp lm constant_tsc arch_perfmon pebs bts rep_good nopl xtopology nonstop_tsc aperfmperf eagerfpu pni pclmulqdq dtes64 monitor ds_cpl vmx est tm2 ssse3 cx16 xtpr pdcm pcid sse4_1 sse4_2 x2apic popcnt tsc_deadline_timer xsave avx lahf_lm epb tpr_shadow vnmi flexpriority ept vpid xsaveopt dtherm arat pln pts
bugs		:
bogomips	: 4589.70
clflush size	: 64
cache_alignment	: 64
address sizes	: 36 bits physical, 48 bits virtual
power management:

processor	: 3
vendor_id	: GenuineIntel
cpu family	: 6
model		: 42
model name	: Intel(R) Core(TM) i3-2350M CPU @ 2.30GHz
stepping	: 7
microcode	: 0x1a
cpu MHz		: 2300.000
cache size	: 3072 KB
physical id	: 0
siblings	: 4
core id		: 1
cpu cores	: 2
apicid		: 3
initial apicid	: 3
fpu		: yes
fpu_exception	: yes
cpuid level	: 13
wp		: yes
flags		: fpu vme de pse tsc msr pae mce cx8 apic sep mtrr pge mca cmov pat pse36 clflush dts acpi mmx fxsr sse sse2 ss ht tm pbe syscall nx rdtscp lm constant_tsc arch_perfmon pebs bts rep_good nopl xtopology nonstop_tsc aperfmperf eagerfpu pni pclmulqdq dtes64 monitor ds_cpl vmx est tm2 ssse3 cx16 xtpr pdcm pcid sse4_1 sse4_2 x2apic popcnt tsc_deadline_timer xsave avx lahf_lm epb tpr_shadow vnmi flexpriority ept vpid xsaveopt dtherm arat pln pts
bugs		:
bogomips	: 4589.70
clflush size	: 64
cache_alignment	: 64
address sizes	: 36 bits physical, 48 bits virtual
power management:



Memory: 4k page, physical 8079956k(5581868k free), swap 7810044k(7810044k free)

vm_info: OpenJDK 64-Bit Server VM (25.111-b14) for linux-amd64 JRE (1.8.0_111-8u111-b14-2ubuntu0.16.04.2-b14), built on Oct 27 2016 18:10:19 by "buildd" with gcc 5.4.0 20160609

time: Tue Apr 25 09:59:38 2017
elapsed time: 16 seconds (0d 0h 0m 16s)

